###############################################################
#  Generated by:      Cadence Encounter 11.12-s119_1
#  OS:                Linux x86_64(Host ID icy.cs.bris.ac.uk)
#  Generated on:      Mon Aug 25 10:05:10 2014
#  Design:            pads
#  Command:           verifyConnectivity -type all -error 1000 -warning 50
###############################################################
Verify Connectivity Report is created on Mon Aug 25 10:05:10 2014



Net vdd1v8l!: no routing
Net vdd1v8r!: no routing
Net vdd1v8o!: no routing
Net por1v8r!: no routing
Net trig1v8!: no routing
Net vdd5vl!: no routing
Net vdd5vr!: no routing
Net vdd5vo!: no routing
Net trig5v!: no routing
Net por5vr!: no routing
Net gnd1v8l!: no routing
Net gnd1v8r!: no routing
Net gnd1v8o!: no routing
Net subc1v8!: no routing
Net gnd5vl!: no routing
Net gnd5vr!: no routing
Net gnd5vo!: no routing
Net subc5v!: no routing
Net _NULL: special open at (760.000, 2100.000) (820.000, 2200.000)
Net _NULL: special open at (660.000, 2100.000) (723.000, 2200.000)
Net _NULL: special open at (560.000, 2100.000) (620.000, 2200.000)

Begin Summary
    18 Problem(s) (ENCVFC-98): Net has no global routing and no special routing.
    3 Problem(s) (ENCVFC-200): Special Wires: Pieces of the net are not connected together.
    21 total info(s) created.
End Summary
